#
#<?php die('Forbidden.'); ?>
#Date: 2019-02-19 04:37:22 UTC
#Software: Joomla Platform 13.1.0 Stable [ Curiosity ] 24-Apr-2013 00:00 GMT

#Fields: datetime	priority clientip	category	message
2019-02-19T04:37:22+00:00	WARNING 10.0.0.47	jerror	Empty password not allowed.
2019-02-19T04:37:26+00:00	WARNING 10.0.0.47	jerror	Username and password do not match or you do not have an account yet.
2019-02-19T04:37:30+00:00	WARNING 10.0.0.47	jerror	Username and password do not match or you do not have an account yet.
2019-02-19T04:37:38+00:00	WARNING 10.0.0.47	jerror	Username and password do not match or you do not have an account yet.
2019-02-19T04:37:44+00:00	WARNING 10.0.0.47	jerror	Username and password do not match or you do not have an account yet.
2019-02-19T04:37:54+00:00	WARNING 10.0.0.47	jerror	Username and password do not match or you do not have an account yet.
2019-02-19T05:43:17+00:00	WARNING ::1	jerror	JFolder: :delete: Path is not a folder. Path: E:\xampp728\htdocs\Joomla\templates\seattle\v14\beta2\administrator\components\com_nextend_installer\libraries
2019-02-19T05:43:17+00:00	WARNING ::1	jerror	JFolder: :delete: Path is not a folder. Path: E:\xampp728\htdocs\Joomla\templates\seattle\v14\beta2\administrator\components\com_nextend_installer\media\n2\n
2019-02-19T05:43:17+00:00	WARNING ::1	jerror	JFolder: :delete: Path is not a folder. Path: E:\xampp728\htdocs\Joomla\templates\seattle\v14\beta2\administrator\components\com_nextend_installer\media\n2\ss3
2019-02-19T07:51:20+00:00	WARNING 10.0.0.47	jerror	Username and password do not match or you do not have an account yet.
2019-02-19T07:51:24+00:00	WARNING 10.0.0.47	jerror	Username and password do not match or you do not have an account yet.
2019-02-19T09:50:16+00:00	WARNING ::1	jerror	JUser: :_load: Unable to load user with ID: 167
2019-02-19T09:50:49+00:00	WARNING ::1	jerror	JUser: :_load: Unable to load user with ID: 167
2019-02-19T09:53:16+00:00	WARNING ::1	jerror	JUser: :_load: Unable to load user with ID: 167
2019-02-19T09:53:28+00:00	WARNING ::1	jerror	JUser: :_load: Unable to load user with ID: 592
2019-02-19T09:54:15+00:00	WARNING 10.0.0.47	jerror	JUser: :_load: Unable to load user with ID: 592
2019-02-19T09:54:26+00:00	WARNING ::1	jerror	JUser: :_load: Unable to load user with ID: 592
2019-02-19T09:54:37+00:00	WARNING ::1	jerror	JUser: :_load: Unable to load user with ID: 592
2019-02-19T09:54:48+00:00	WARNING ::1	jerror	JUser: :_load: Unable to load user with ID: 592
2019-02-19T09:54:49+00:00	WARNING ::1	jerror	JUser: :_load: Unable to load user with ID: 592
2019-02-19T09:54:49+00:00	WARNING ::1	jerror	JUser: :_load: Unable to load user with ID: 592
2019-02-19T09:54:51+00:00	WARNING ::1	jerror	JUser: :_load: Unable to load user with ID: 592
2019-02-19T09:54:52+00:00	WARNING ::1	jerror	JUser: :_load: Unable to load user with ID: 592
2019-02-19T09:54:53+00:00	WARNING ::1	jerror	JUser: :_load: Unable to load user with ID: 592
2019-02-19T09:54:53+00:00	WARNING ::1	jerror	JUser: :_load: Unable to load user with ID: 592
2019-02-19T09:54:54+00:00	WARNING ::1	jerror	JUser: :_load: Unable to load user with ID: 592
2019-02-19T09:55:34+00:00	WARNING ::1	jerror	JUser: :_load: Unable to load user with ID: 592
2019-02-19T10:05:47+00:00	WARNING 10.0.0.47	jerror	JUser: :_load: Unable to load user with ID: 592
2019-02-19T10:05:53+00:00	WARNING 10.0.0.47	jerror	JUser: :_load: Unable to load user with ID: 592
2019-02-19T10:06:17+00:00	WARNING 10.0.0.47	jerror	JUser: :_load: Unable to load user with ID: 592
2019-02-19T10:06:20+00:00	WARNING 10.0.0.47	jerror	JUser: :_load: Unable to load user with ID: 592
2019-02-19T10:06:39+00:00	WARNING 10.0.0.47	jerror	JUser: :_load: Unable to load user with ID: 592
2019-02-19T10:06:46+00:00	WARNING 10.0.0.47	jerror	JUser: :_load: Unable to load user with ID: 592
2019-02-19T10:07:01+00:00	WARNING 10.0.0.47	jerror	JUser: :_load: Unable to load user with ID: 592
2019-02-19T10:07:13+00:00	WARNING 10.0.0.47	jerror	JUser: :_load: Unable to load user with ID: 592
2019-02-19T10:07:50+00:00	WARNING 10.0.0.47	jerror	JUser: :_load: Unable to load user with ID: 592
2019-02-19T10:07:59+00:00	WARNING 10.0.0.47	jerror	JUser: :_load: Unable to load user with ID: 592
2019-02-19T10:08:30+00:00	WARNING 10.0.0.47	jerror	JUser: :_load: Unable to load user with ID: 592
2019-02-19T10:09:32+00:00	WARNING 10.0.0.47	jerror	JUser: :_load: Unable to load user with ID: 592
2019-02-19T10:09:42+00:00	WARNING 10.0.0.47	jerror	JUser: :_load: Unable to load user with ID: 592
2019-02-19T10:10:13+00:00	WARNING 10.0.0.47	jerror	JUser: :_load: Unable to load user with ID: 592
2019-02-19T10:10:33+00:00	WARNING 10.0.0.47	jerror	JUser: :_load: Unable to load user with ID: 592
2019-02-19T10:10:39+00:00	WARNING 10.0.0.47	jerror	JUser: :_load: Unable to load user with ID: 592
2019-02-19T10:11:55+00:00	WARNING 10.0.0.47	jerror	JUser: :_load: Unable to load user with ID: 592
2019-02-19T10:12:32+00:00	WARNING 10.0.0.47	jerror	JUser: :_load: Unable to load user with ID: 592
2019-02-19T10:12:48+00:00	WARNING 10.0.0.12	jerror	JUser: :_load: Unable to load user with ID: 592
2019-02-19T10:13:01+00:00	WARNING 10.0.0.12	jerror	JUser: :_load: Unable to load user with ID: 592
2019-02-19T10:13:03+00:00	WARNING 10.0.0.47	jerror	JUser: :_load: Unable to load user with ID: 592
2019-02-19T10:13:05+00:00	WARNING ::1	jerror	JUser: :_load: Unable to load user with ID: 592
2019-02-19T10:21:25+00:00	WARNING ::1	jerror	JInstaller: :Install: Can't find Joomla XML setup file.
2019-02-19T10:21:25+00:00	WARNING ::1	jerror	JInstaller: :Install: Can't find Joomla XML setup file.
2019-02-19T10:21:38+00:00	WARNING ::1	jerror	JInstaller: :Install: Can't find Joomla XML setup file.
2019-02-19T10:21:38+00:00	WARNING ::1	jerror	JInstaller: :Install: Can't find Joomla XML setup file.
2019-02-19T10:21:48+00:00	WARNING ::1	jerror	JInstaller: :Install: Can't find Joomla XML setup file.
2019-02-19T10:21:48+00:00	WARNING ::1	jerror	JInstaller: :Install: Can't find Joomla XML setup file.
2019-02-19T10:21:53+00:00	WARNING ::1	jerror	JInstaller: :Install: Can't find Joomla XML setup file.
2019-02-19T10:21:53+00:00	WARNING ::1	jerror	JInstaller: :Install: Can't find Joomla XML setup file.
2019-02-19T10:22:07+00:00	WARNING ::1	jerror	JInstaller: :Install: Can't find Joomla XML setup file.
2019-02-19T10:22:07+00:00	WARNING ::1	jerror	JInstaller: :Install: Can't find Joomla XML setup file.
2019-02-19T10:34:14+00:00	CRITICAL ::1	error	Uncaught \Throwable of type JException thrown. Stack trace: #0 E:\xampp728\htdocs\Joomla\templates\seattle\v14\beta2\libraries\legacy\error\error.php(277): JError::raise(1, 404, 'Article not fou...', NULL, true)
#1 E:\xampp728\htdocs\Joomla\templates\seattle\v14\beta2\components\com_content\models\article.php(155): JError::raiseError(404, 'Article not fou...')
#2 E:\xampp728\htdocs\Joomla\templates\seattle\v14\beta2\libraries\src\MVC\View\HtmlView.php(425): ContentModelArticle->getItem()
#3 E:\xampp728\htdocs\Joomla\templates\seattle\v14\beta2\components\com_content\views\article\view.html.php(42): Joomla\CMS\MVC\View\HtmlView->get('Item')
#4 E:\xampp728\htdocs\Joomla\templates\seattle\v14\beta2\libraries\src\MVC\Controller\BaseController.php(672): ContentViewArticle->display()
#5 E:\xampp728\htdocs\Joomla\templates\seattle\v14\beta2\components\com_content\controller.php(118): Joomla\CMS\MVC\Controller\BaseController->display(true, Array)
#6 E:\xampp728\htdocs\Joomla\templates\seattle\v14\beta2\libraries\src\MVC\Controller\BaseController.php(710): ContentController->display()
#7 E:\xampp728\htdocs\Joomla\templates\seattle\v14\beta2\components\com_content\content.php(43): Joomla\CMS\MVC\Controller\BaseController->execute('')
#8 E:\xampp728\htdocs\Joomla\templates\seattle\v14\beta2\libraries\src\Component\ComponentHelper.php(402): require_once('E:\\xampp728\\htd...')
#9 E:\xampp728\htdocs\Joomla\templates\seattle\v14\beta2\libraries\src\Component\ComponentHelper.php(377): Joomla\CMS\Component\ComponentHelper::executeComponent('E:\\xampp728\\htd...')
#10 E:\xampp728\htdocs\Joomla\templates\seattle\v14\beta2\libraries\src\Application\SiteApplication.php(194): Joomla\CMS\Component\ComponentHelper::renderComponent('com_content')
#11 E:\xampp728\htdocs\Joomla\templates\seattle\v14\beta2\libraries\src\Application\SiteApplication.php(233): Joomla\CMS\Application\SiteApplication->dispatch()
#12 E:\xampp728\htdocs\Joomla\templates\seattle\v14\beta2\libraries\src\Application\CMSApplication.php(196): Joomla\CMS\Application\SiteApplication->doExecute()
#13 E:\xampp728\htdocs\Joomla\templates\seattle\v14\beta2\index.php(49): Joomla\CMS\Application\CMSApplication->execute()
#14 {main}
2019-02-19T10:35:37+00:00	CRITICAL ::1	error	Uncaught \Throwable of type JException thrown. Stack trace: #0 E:\xampp728\htdocs\Joomla\templates\seattle\v14\beta2\libraries\legacy\error\error.php(277): JError::raise(1, 404, 'Article not fou...', NULL, true)
#1 E:\xampp728\htdocs\Joomla\templates\seattle\v14\beta2\components\com_content\models\article.php(155): JError::raiseError(404, 'Article not fou...')
#2 E:\xampp728\htdocs\Joomla\templates\seattle\v14\beta2\libraries\src\MVC\View\HtmlView.php(425): ContentModelArticle->getItem()
#3 E:\xampp728\htdocs\Joomla\templates\seattle\v14\beta2\components\com_content\views\article\view.html.php(42): Joomla\CMS\MVC\View\HtmlView->get('Item')
#4 E:\xampp728\htdocs\Joomla\templates\seattle\v14\beta2\libraries\src\MVC\Controller\BaseController.php(672): ContentViewArticle->display()
#5 E:\xampp728\htdocs\Joomla\templates\seattle\v14\beta2\components\com_content\controller.php(118): Joomla\CMS\MVC\Controller\BaseController->display(true, Array)
#6 E:\xampp728\htdocs\Joomla\templates\seattle\v14\beta2\libraries\src\MVC\Controller\BaseController.php(710): ContentController->display()
#7 E:\xampp728\htdocs\Joomla\templates\seattle\v14\beta2\components\com_content\content.php(43): Joomla\CMS\MVC\Controller\BaseController->execute('')
#8 E:\xampp728\htdocs\Joomla\templates\seattle\v14\beta2\libraries\src\Component\ComponentHelper.php(402): require_once('E:\\xampp728\\htd...')
#9 E:\xampp728\htdocs\Joomla\templates\seattle\v14\beta2\libraries\src\Component\ComponentHelper.php(377): Joomla\CMS\Component\ComponentHelper::executeComponent('E:\\xampp728\\htd...')
#10 E:\xampp728\htdocs\Joomla\templates\seattle\v14\beta2\libraries\src\Application\SiteApplication.php(194): Joomla\CMS\Component\ComponentHelper::renderComponent('com_content')
#11 E:\xampp728\htdocs\Joomla\templates\seattle\v14\beta2\libraries\src\Application\SiteApplication.php(233): Joomla\CMS\Application\SiteApplication->dispatch()
#12 E:\xampp728\htdocs\Joomla\templates\seattle\v14\beta2\libraries\src\Application\CMSApplication.php(196): Joomla\CMS\Application\SiteApplication->doExecute()
#13 E:\xampp728\htdocs\Joomla\templates\seattle\v14\beta2\index.php(49): Joomla\CMS\Application\CMSApplication->execute()
#14 {main}
2019-02-19T10:36:25+00:00	CRITICAL ::1	error	Uncaught \Throwable of type JException thrown. Stack trace: #0 E:\xampp728\htdocs\Joomla\templates\seattle\v14\beta2\libraries\legacy\error\error.php(277): JError::raise(1, 404, 'Article not fou...', NULL, true)
#1 E:\xampp728\htdocs\Joomla\templates\seattle\v14\beta2\components\com_content\models\article.php(155): JError::raiseError(404, 'Article not fou...')
#2 E:\xampp728\htdocs\Joomla\templates\seattle\v14\beta2\libraries\src\MVC\View\HtmlView.php(425): ContentModelArticle->getItem()
#3 E:\xampp728\htdocs\Joomla\templates\seattle\v14\beta2\components\com_content\views\article\view.html.php(42): Joomla\CMS\MVC\View\HtmlView->get('Item')
#4 E:\xampp728\htdocs\Joomla\templates\seattle\v14\beta2\libraries\src\MVC\Controller\BaseController.php(672): ContentViewArticle->display()
#5 E:\xampp728\htdocs\Joomla\templates\seattle\v14\beta2\components\com_content\controller.php(118): Joomla\CMS\MVC\Controller\BaseController->display(true, Array)
#6 E:\xampp728\htdocs\Joomla\templates\seattle\v14\beta2\libraries\src\MVC\Controller\BaseController.php(710): ContentController->display()
#7 E:\xampp728\htdocs\Joomla\templates\seattle\v14\beta2\components\com_content\content.php(43): Joomla\CMS\MVC\Controller\BaseController->execute('')
#8 E:\xampp728\htdocs\Joomla\templates\seattle\v14\beta2\libraries\src\Component\ComponentHelper.php(402): require_once('E:\\xampp728\\htd...')
#9 E:\xampp728\htdocs\Joomla\templates\seattle\v14\beta2\libraries\src\Component\ComponentHelper.php(377): Joomla\CMS\Component\ComponentHelper::executeComponent('E:\\xampp728\\htd...')
#10 E:\xampp728\htdocs\Joomla\templates\seattle\v14\beta2\libraries\src\Application\SiteApplication.php(194): Joomla\CMS\Component\ComponentHelper::renderComponent('com_content')
#11 E:\xampp728\htdocs\Joomla\templates\seattle\v14\beta2\libraries\src\Application\SiteApplication.php(233): Joomla\CMS\Application\SiteApplication->dispatch()
#12 E:\xampp728\htdocs\Joomla\templates\seattle\v14\beta2\libraries\src\Application\CMSApplication.php(196): Joomla\CMS\Application\SiteApplication->doExecute()
#13 E:\xampp728\htdocs\Joomla\templates\seattle\v14\beta2\index.php(49): Joomla\CMS\Application\CMSApplication->execute()
#14 {main}
2019-02-19T10:52:19+00:00	CRITICAL 10.0.0.12	error	Uncaught \Throwable of type JException thrown. Stack trace: #0 E:\xampp728\htdocs\Joomla\templates\seattle\v14\beta2\libraries\legacy\error\error.php(277): JError::raise(1, 404, 'Article not fou...', NULL, true)
#1 E:\xampp728\htdocs\Joomla\templates\seattle\v14\beta2\components\com_content\models\article.php(155): JError::raiseError(404, 'Article not fou...')
#2 E:\xampp728\htdocs\Joomla\templates\seattle\v14\beta2\libraries\src\MVC\View\HtmlView.php(425): ContentModelArticle->getItem()
#3 E:\xampp728\htdocs\Joomla\templates\seattle\v14\beta2\components\com_content\views\article\view.html.php(42): Joomla\CMS\MVC\View\HtmlView->get('Item')
#4 E:\xampp728\htdocs\Joomla\templates\seattle\v14\beta2\libraries\src\MVC\Controller\BaseController.php(672): ContentViewArticle->display()
#5 E:\xampp728\htdocs\Joomla\templates\seattle\v14\beta2\components\com_content\controller.php(118): Joomla\CMS\MVC\Controller\BaseController->display(true, Array)
#6 E:\xampp728\htdocs\Joomla\templates\seattle\v14\beta2\libraries\src\MVC\Controller\BaseController.php(710): ContentController->display()
#7 E:\xampp728\htdocs\Joomla\templates\seattle\v14\beta2\components\com_content\content.php(43): Joomla\CMS\MVC\Controller\BaseController->execute('')
#8 E:\xampp728\htdocs\Joomla\templates\seattle\v14\beta2\libraries\src\Component\ComponentHelper.php(402): require_once('E:\\xampp728\\htd...')
#9 E:\xampp728\htdocs\Joomla\templates\seattle\v14\beta2\libraries\src\Component\ComponentHelper.php(377): Joomla\CMS\Component\ComponentHelper::executeComponent('E:\\xampp728\\htd...')
#10 E:\xampp728\htdocs\Joomla\templates\seattle\v14\beta2\libraries\src\Application\SiteApplication.php(194): Joomla\CMS\Component\ComponentHelper::renderComponent('com_content')
#11 E:\xampp728\htdocs\Joomla\templates\seattle\v14\beta2\libraries\src\Application\SiteApplication.php(233): Joomla\CMS\Application\SiteApplication->dispatch()
#12 E:\xampp728\htdocs\Joomla\templates\seattle\v14\beta2\libraries\src\Application\CMSApplication.php(196): Joomla\CMS\Application\SiteApplication->doExecute()
#13 E:\xampp728\htdocs\Joomla\templates\seattle\v14\beta2\index.php(49): Joomla\CMS\Application\CMSApplication->execute()
#14 {main}
2019-02-19T10:54:58+00:00	WARNING ::1	jerror	JUser: :_load: Unable to load user with ID: 592
2019-02-19T10:55:04+00:00	WARNING ::1	jerror	JUser: :_load: Unable to load user with ID: 592
2019-02-19T10:55:11+00:00	WARNING ::1	jerror	JUser: :_load: Unable to load user with ID: 592
2019-02-19T10:55:34+00:00	WARNING ::1	jerror	JUser: :_load: Unable to load user with ID: 592
2019-02-19T10:55:42+00:00	WARNING ::1	jerror	JUser: :_load: Unable to load user with ID: 592
2019-02-19T10:55:53+00:00	WARNING ::1	jerror	JUser: :_load: Unable to load user with ID: 592
2019-02-19T10:56:01+00:00	WARNING ::1	jerror	JUser: :_load: Unable to load user with ID: 592
2019-02-19T11:01:28+00:00	CRITICAL 10.0.0.12	error	Uncaught \Throwable of type JException thrown. Stack trace: #0 E:\xampp728\htdocs\Joomla\templates\seattle\v14\beta2\libraries\legacy\error\error.php(277): JError::raise(1, 404, 'Article not fou...', NULL, true)
#1 E:\xampp728\htdocs\Joomla\templates\seattle\v14\beta2\components\com_content\models\article.php(155): JError::raiseError(404, 'Article not fou...')
#2 E:\xampp728\htdocs\Joomla\templates\seattle\v14\beta2\libraries\src\MVC\View\HtmlView.php(425): ContentModelArticle->getItem()
#3 E:\xampp728\htdocs\Joomla\templates\seattle\v14\beta2\components\com_content\views\article\view.html.php(42): Joomla\CMS\MVC\View\HtmlView->get('Item')
#4 E:\xampp728\htdocs\Joomla\templates\seattle\v14\beta2\libraries\src\MVC\Controller\BaseController.php(672): ContentViewArticle->display()
#5 E:\xampp728\htdocs\Joomla\templates\seattle\v14\beta2\components\com_content\controller.php(118): Joomla\CMS\MVC\Controller\BaseController->display(true, Array)
#6 E:\xampp728\htdocs\Joomla\templates\seattle\v14\beta2\libraries\src\MVC\Controller\BaseController.php(710): ContentController->display()
#7 E:\xampp728\htdocs\Joomla\templates\seattle\v14\beta2\components\com_content\content.php(43): Joomla\CMS\MVC\Controller\BaseController->execute('')
#8 E:\xampp728\htdocs\Joomla\templates\seattle\v14\beta2\libraries\src\Component\ComponentHelper.php(402): require_once('E:\\xampp728\\htd...')
#9 E:\xampp728\htdocs\Joomla\templates\seattle\v14\beta2\libraries\src\Component\ComponentHelper.php(377): Joomla\CMS\Component\ComponentHelper::executeComponent('E:\\xampp728\\htd...')
#10 E:\xampp728\htdocs\Joomla\templates\seattle\v14\beta2\libraries\src\Application\SiteApplication.php(194): Joomla\CMS\Component\ComponentHelper::renderComponent('com_content')
#11 E:\xampp728\htdocs\Joomla\templates\seattle\v14\beta2\libraries\src\Application\SiteApplication.php(233): Joomla\CMS\Application\SiteApplication->dispatch()
#12 E:\xampp728\htdocs\Joomla\templates\seattle\v14\beta2\libraries\src\Application\CMSApplication.php(196): Joomla\CMS\Application\SiteApplication->doExecute()
#13 E:\xampp728\htdocs\Joomla\templates\seattle\v14\beta2\index.php(49): Joomla\CMS\Application\CMSApplication->execute()
#14 {main}
2019-02-19T11:01:47+00:00	CRITICAL 10.0.0.12	error	Uncaught \Throwable of type JException thrown. Stack trace: #0 E:\xampp728\htdocs\Joomla\templates\seattle\v14\beta2\libraries\legacy\error\error.php(277): JError::raise(1, 404, 'Article not fou...', NULL, true)
#1 E:\xampp728\htdocs\Joomla\templates\seattle\v14\beta2\components\com_content\models\article.php(155): JError::raiseError(404, 'Article not fou...')
#2 E:\xampp728\htdocs\Joomla\templates\seattle\v14\beta2\libraries\src\MVC\View\HtmlView.php(425): ContentModelArticle->getItem()
#3 E:\xampp728\htdocs\Joomla\templates\seattle\v14\beta2\components\com_content\views\article\view.html.php(42): Joomla\CMS\MVC\View\HtmlView->get('Item')
#4 E:\xampp728\htdocs\Joomla\templates\seattle\v14\beta2\libraries\src\MVC\Controller\BaseController.php(672): ContentViewArticle->display()
#5 E:\xampp728\htdocs\Joomla\templates\seattle\v14\beta2\components\com_content\controller.php(118): Joomla\CMS\MVC\Controller\BaseController->display(true, Array)
#6 E:\xampp728\htdocs\Joomla\templates\seattle\v14\beta2\libraries\src\MVC\Controller\BaseController.php(710): ContentController->display()
#7 E:\xampp728\htdocs\Joomla\templates\seattle\v14\beta2\components\com_content\content.php(43): Joomla\CMS\MVC\Controller\BaseController->execute('')
#8 E:\xampp728\htdocs\Joomla\templates\seattle\v14\beta2\libraries\src\Component\ComponentHelper.php(402): require_once('E:\\xampp728\\htd...')
#9 E:\xampp728\htdocs\Joomla\templates\seattle\v14\beta2\libraries\src\Component\ComponentHelper.php(377): Joomla\CMS\Component\ComponentHelper::executeComponent('E:\\xampp728\\htd...')
#10 E:\xampp728\htdocs\Joomla\templates\seattle\v14\beta2\libraries\src\Application\SiteApplication.php(194): Joomla\CMS\Component\ComponentHelper::renderComponent('com_content')
#11 E:\xampp728\htdocs\Joomla\templates\seattle\v14\beta2\libraries\src\Application\SiteApplication.php(233): Joomla\CMS\Application\SiteApplication->dispatch()
#12 E:\xampp728\htdocs\Joomla\templates\seattle\v14\beta2\libraries\src\Application\CMSApplication.php(196): Joomla\CMS\Application\SiteApplication->doExecute()
#13 E:\xampp728\htdocs\Joomla\templates\seattle\v14\beta2\index.php(49): Joomla\CMS\Application\CMSApplication->execute()
#14 {main}
2019-02-19T11:01:57+00:00	CRITICAL 10.0.0.12	error	Uncaught \Throwable of type JException thrown. Stack trace: #0 E:\xampp728\htdocs\Joomla\templates\seattle\v14\beta2\libraries\legacy\error\error.php(277): JError::raise(1, 404, 'Article not fou...', NULL, true)
#1 E:\xampp728\htdocs\Joomla\templates\seattle\v14\beta2\components\com_content\models\article.php(155): JError::raiseError(404, 'Article not fou...')
#2 E:\xampp728\htdocs\Joomla\templates\seattle\v14\beta2\libraries\src\MVC\View\HtmlView.php(425): ContentModelArticle->getItem()
#3 E:\xampp728\htdocs\Joomla\templates\seattle\v14\beta2\components\com_content\views\article\view.html.php(42): Joomla\CMS\MVC\View\HtmlView->get('Item')
#4 E:\xampp728\htdocs\Joomla\templates\seattle\v14\beta2\libraries\src\MVC\Controller\BaseController.php(672): ContentViewArticle->display()
#5 E:\xampp728\htdocs\Joomla\templates\seattle\v14\beta2\components\com_content\controller.php(118): Joomla\CMS\MVC\Controller\BaseController->display(true, Array)
#6 E:\xampp728\htdocs\Joomla\templates\seattle\v14\beta2\libraries\src\MVC\Controller\BaseController.php(710): ContentController->display()
#7 E:\xampp728\htdocs\Joomla\templates\seattle\v14\beta2\components\com_content\content.php(43): Joomla\CMS\MVC\Controller\BaseController->execute('')
#8 E:\xampp728\htdocs\Joomla\templates\seattle\v14\beta2\libraries\src\Component\ComponentHelper.php(402): require_once('E:\\xampp728\\htd...')
#9 E:\xampp728\htdocs\Joomla\templates\seattle\v14\beta2\libraries\src\Component\ComponentHelper.php(377): Joomla\CMS\Component\ComponentHelper::executeComponent('E:\\xampp728\\htd...')
#10 E:\xampp728\htdocs\Joomla\templates\seattle\v14\beta2\libraries\src\Application\SiteApplication.php(194): Joomla\CMS\Component\ComponentHelper::renderComponent('com_content')
#11 E:\xampp728\htdocs\Joomla\templates\seattle\v14\beta2\libraries\src\Application\SiteApplication.php(233): Joomla\CMS\Application\SiteApplication->dispatch()
#12 E:\xampp728\htdocs\Joomla\templates\seattle\v14\beta2\libraries\src\Application\CMSApplication.php(196): Joomla\CMS\Application\SiteApplication->doExecute()
#13 E:\xampp728\htdocs\Joomla\templates\seattle\v14\beta2\index.php(49): Joomla\CMS\Application\CMSApplication->execute()
#14 {main}
2019-02-19T11:03:47+00:00	CRITICAL 10.0.0.12	error	Uncaught \Throwable of type JException thrown. Stack trace: #0 E:\xampp728\htdocs\Joomla\templates\seattle\v14\beta2\libraries\legacy\error\error.php(277): JError::raise(1, 404, 'Article not fou...', NULL, true)
#1 E:\xampp728\htdocs\Joomla\templates\seattle\v14\beta2\components\com_content\models\article.php(155): JError::raiseError(404, 'Article not fou...')
#2 E:\xampp728\htdocs\Joomla\templates\seattle\v14\beta2\libraries\src\MVC\View\HtmlView.php(425): ContentModelArticle->getItem()
#3 E:\xampp728\htdocs\Joomla\templates\seattle\v14\beta2\components\com_content\views\article\view.html.php(42): Joomla\CMS\MVC\View\HtmlView->get('Item')
#4 E:\xampp728\htdocs\Joomla\templates\seattle\v14\beta2\libraries\src\MVC\Controller\BaseController.php(672): ContentViewArticle->display()
#5 E:\xampp728\htdocs\Joomla\templates\seattle\v14\beta2\components\com_content\controller.php(118): Joomla\CMS\MVC\Controller\BaseController->display(true, Array)
#6 E:\xampp728\htdocs\Joomla\templates\seattle\v14\beta2\libraries\src\MVC\Controller\BaseController.php(710): ContentController->display()
#7 E:\xampp728\htdocs\Joomla\templates\seattle\v14\beta2\components\com_content\content.php(43): Joomla\CMS\MVC\Controller\BaseController->execute('')
#8 E:\xampp728\htdocs\Joomla\templates\seattle\v14\beta2\libraries\src\Component\ComponentHelper.php(402): require_once('E:\\xampp728\\htd...')
#9 E:\xampp728\htdocs\Joomla\templates\seattle\v14\beta2\libraries\src\Component\ComponentHelper.php(377): Joomla\CMS\Component\ComponentHelper::executeComponent('E:\\xampp728\\htd...')
#10 E:\xampp728\htdocs\Joomla\templates\seattle\v14\beta2\libraries\src\Application\SiteApplication.php(194): Joomla\CMS\Component\ComponentHelper::renderComponent('com_content')
#11 E:\xampp728\htdocs\Joomla\templates\seattle\v14\beta2\libraries\src\Application\SiteApplication.php(233): Joomla\CMS\Application\SiteApplication->dispatch()
#12 E:\xampp728\htdocs\Joomla\templates\seattle\v14\beta2\libraries\src\Application\CMSApplication.php(196): Joomla\CMS\Application\SiteApplication->doExecute()
#13 E:\xampp728\htdocs\Joomla\templates\seattle\v14\beta2\index.php(49): Joomla\CMS\Application\CMSApplication->execute()
#14 {main}
