#
#<?php die('Forbidden.'); ?>
#Date: 2019-03-18 08:11:15 UTC
#Software: Joomla Platform 13.1.0 Stable [ Curiosity ] 24-Apr-2013 00:00 GMT

#Fields: datetime	priority clientip	category	message
2019-03-18T08:11:15+00:00	CRITICAL 10.0.0.23	error	Uncaught \Throwable of type JException thrown. Stack trace: #0 E:\xampp728\htdocs\Joomla\templates\seattle\v14\beta3\libraries\legacy\error\error.php(277): JError::raise(1, 404, 'Article not fou...', NULL, true)
#1 E:\xampp728\htdocs\Joomla\templates\seattle\v14\beta3\components\com_content\models\article.php(155): JError::raiseError(404, 'Article not fou...')
#2 E:\xampp728\htdocs\Joomla\templates\seattle\v14\beta3\libraries\src\MVC\View\HtmlView.php(425): ContentModelArticle->getItem()
#3 E:\xampp728\htdocs\Joomla\templates\seattle\v14\beta3\components\com_content\views\article\view.html.php(42): Joomla\CMS\MVC\View\HtmlView->get('Item')
#4 E:\xampp728\htdocs\Joomla\templates\seattle\v14\beta3\libraries\src\MVC\Controller\BaseController.php(672): ContentViewArticle->display()
#5 E:\xampp728\htdocs\Joomla\templates\seattle\v14\beta3\components\com_content\controller.php(118): Joomla\CMS\MVC\Controller\BaseController->display(true, Array)
#6 E:\xampp728\htdocs\Joomla\templates\seattle\v14\beta3\libraries\src\MVC\Controller\BaseController.php(710): ContentController->display()
#7 E:\xampp728\htdocs\Joomla\templates\seattle\v14\beta3\components\com_content\content.php(43): Joomla\CMS\MVC\Controller\BaseController->execute('')
#8 E:\xampp728\htdocs\Joomla\templates\seattle\v14\beta3\libraries\src\Component\ComponentHelper.php(402): require_once('E:\\xampp728\\htd...')
#9 E:\xampp728\htdocs\Joomla\templates\seattle\v14\beta3\libraries\src\Component\ComponentHelper.php(377): Joomla\CMS\Component\ComponentHelper::executeComponent('E:\\xampp728\\htd...')
#10 E:\xampp728\htdocs\Joomla\templates\seattle\v14\beta3\libraries\src\Application\SiteApplication.php(194): Joomla\CMS\Component\ComponentHelper::renderComponent('com_content')
#11 E:\xampp728\htdocs\Joomla\templates\seattle\v14\beta3\libraries\src\Application\SiteApplication.php(233): Joomla\CMS\Application\SiteApplication->dispatch()
#12 E:\xampp728\htdocs\Joomla\templates\seattle\v14\beta3\libraries\src\Application\CMSApplication.php(196): Joomla\CMS\Application\SiteApplication->doExecute()
#13 E:\xampp728\htdocs\Joomla\templates\seattle\v14\beta3\index.php(49): Joomla\CMS\Application\CMSApplication->execute()
#14 {main}
2019-03-18T08:15:38+00:00	CRITICAL 10.0.0.23	error	Uncaught \Throwable of type JException thrown. Stack trace: #0 E:\xampp728\htdocs\Joomla\templates\seattle\v14\beta3\libraries\legacy\error\error.php(277): JError::raise(1, 404, 'Article not fou...', NULL, true)
#1 E:\xampp728\htdocs\Joomla\templates\seattle\v14\beta3\components\com_content\models\article.php(155): JError::raiseError(404, 'Article not fou...')
#2 E:\xampp728\htdocs\Joomla\templates\seattle\v14\beta3\libraries\src\MVC\View\HtmlView.php(425): ContentModelArticle->getItem()
#3 E:\xampp728\htdocs\Joomla\templates\seattle\v14\beta3\components\com_content\views\article\view.html.php(42): Joomla\CMS\MVC\View\HtmlView->get('Item')
#4 E:\xampp728\htdocs\Joomla\templates\seattle\v14\beta3\libraries\src\MVC\Controller\BaseController.php(672): ContentViewArticle->display()
#5 E:\xampp728\htdocs\Joomla\templates\seattle\v14\beta3\components\com_content\controller.php(118): Joomla\CMS\MVC\Controller\BaseController->display(true, Array)
#6 E:\xampp728\htdocs\Joomla\templates\seattle\v14\beta3\libraries\src\MVC\Controller\BaseController.php(710): ContentController->display()
#7 E:\xampp728\htdocs\Joomla\templates\seattle\v14\beta3\components\com_content\content.php(43): Joomla\CMS\MVC\Controller\BaseController->execute('')
#8 E:\xampp728\htdocs\Joomla\templates\seattle\v14\beta3\libraries\src\Component\ComponentHelper.php(402): require_once('E:\\xampp728\\htd...')
#9 E:\xampp728\htdocs\Joomla\templates\seattle\v14\beta3\libraries\src\Component\ComponentHelper.php(377): Joomla\CMS\Component\ComponentHelper::executeComponent('E:\\xampp728\\htd...')
#10 E:\xampp728\htdocs\Joomla\templates\seattle\v14\beta3\libraries\src\Application\SiteApplication.php(194): Joomla\CMS\Component\ComponentHelper::renderComponent('com_content')
#11 E:\xampp728\htdocs\Joomla\templates\seattle\v14\beta3\libraries\src\Application\SiteApplication.php(233): Joomla\CMS\Application\SiteApplication->dispatch()
#12 E:\xampp728\htdocs\Joomla\templates\seattle\v14\beta3\libraries\src\Application\CMSApplication.php(196): Joomla\CMS\Application\SiteApplication->doExecute()
#13 E:\xampp728\htdocs\Joomla\templates\seattle\v14\beta3\index.php(49): Joomla\CMS\Application\CMSApplication->execute()
#14 {main}
2019-03-18T09:48:42+00:00	CRITICAL 10.0.0.23	error	Uncaught \Throwable of type JException thrown. Stack trace: #0 E:\xampp728\htdocs\Joomla\templates\seattle\v14\beta3\libraries\legacy\error\error.php(277): JError::raise(1, 404, 'Article not fou...', NULL, true)
#1 E:\xampp728\htdocs\Joomla\templates\seattle\v14\beta3\components\com_content\models\article.php(155): JError::raiseError(404, 'Article not fou...')
#2 E:\xampp728\htdocs\Joomla\templates\seattle\v14\beta3\libraries\src\MVC\View\HtmlView.php(425): ContentModelArticle->getItem()
#3 E:\xampp728\htdocs\Joomla\templates\seattle\v14\beta3\components\com_content\views\article\view.html.php(42): Joomla\CMS\MVC\View\HtmlView->get('Item')
#4 E:\xampp728\htdocs\Joomla\templates\seattle\v14\beta3\libraries\src\MVC\Controller\BaseController.php(672): ContentViewArticle->display()
#5 E:\xampp728\htdocs\Joomla\templates\seattle\v14\beta3\components\com_content\controller.php(118): Joomla\CMS\MVC\Controller\BaseController->display(true, Array)
#6 E:\xampp728\htdocs\Joomla\templates\seattle\v14\beta3\libraries\src\MVC\Controller\BaseController.php(710): ContentController->display()
#7 E:\xampp728\htdocs\Joomla\templates\seattle\v14\beta3\components\com_content\content.php(43): Joomla\CMS\MVC\Controller\BaseController->execute('')
#8 E:\xampp728\htdocs\Joomla\templates\seattle\v14\beta3\libraries\src\Component\ComponentHelper.php(402): require_once('E:\\xampp728\\htd...')
#9 E:\xampp728\htdocs\Joomla\templates\seattle\v14\beta3\libraries\src\Component\ComponentHelper.php(377): Joomla\CMS\Component\ComponentHelper::executeComponent('E:\\xampp728\\htd...')
#10 E:\xampp728\htdocs\Joomla\templates\seattle\v14\beta3\libraries\src\Application\SiteApplication.php(194): Joomla\CMS\Component\ComponentHelper::renderComponent('com_content')
#11 E:\xampp728\htdocs\Joomla\templates\seattle\v14\beta3\libraries\src\Application\SiteApplication.php(233): Joomla\CMS\Application\SiteApplication->dispatch()
#12 E:\xampp728\htdocs\Joomla\templates\seattle\v14\beta3\libraries\src\Application\CMSApplication.php(196): Joomla\CMS\Application\SiteApplication->doExecute()
#13 E:\xampp728\htdocs\Joomla\templates\seattle\v14\beta3\index.php(49): Joomla\CMS\Application\CMSApplication->execute()
#14 {main}
2019-03-18T09:49:28+00:00	CRITICAL 10.0.0.23	error	Uncaught \Throwable of type JException thrown. Stack trace: #0 E:\xampp728\htdocs\Joomla\templates\seattle\v14\beta3\libraries\legacy\error\error.php(277): JError::raise(1, 404, 'Article not fou...', NULL, true)
#1 E:\xampp728\htdocs\Joomla\templates\seattle\v14\beta3\components\com_content\models\article.php(155): JError::raiseError(404, 'Article not fou...')
#2 E:\xampp728\htdocs\Joomla\templates\seattle\v14\beta3\libraries\src\MVC\View\HtmlView.php(425): ContentModelArticle->getItem()
#3 E:\xampp728\htdocs\Joomla\templates\seattle\v14\beta3\components\com_content\views\article\view.html.php(42): Joomla\CMS\MVC\View\HtmlView->get('Item')
#4 E:\xampp728\htdocs\Joomla\templates\seattle\v14\beta3\libraries\src\MVC\Controller\BaseController.php(672): ContentViewArticle->display()
#5 E:\xampp728\htdocs\Joomla\templates\seattle\v14\beta3\components\com_content\controller.php(118): Joomla\CMS\MVC\Controller\BaseController->display(true, Array)
#6 E:\xampp728\htdocs\Joomla\templates\seattle\v14\beta3\libraries\src\MVC\Controller\BaseController.php(710): ContentController->display()
#7 E:\xampp728\htdocs\Joomla\templates\seattle\v14\beta3\components\com_content\content.php(43): Joomla\CMS\MVC\Controller\BaseController->execute('')
#8 E:\xampp728\htdocs\Joomla\templates\seattle\v14\beta3\libraries\src\Component\ComponentHelper.php(402): require_once('E:\\xampp728\\htd...')
#9 E:\xampp728\htdocs\Joomla\templates\seattle\v14\beta3\libraries\src\Component\ComponentHelper.php(377): Joomla\CMS\Component\ComponentHelper::executeComponent('E:\\xampp728\\htd...')
#10 E:\xampp728\htdocs\Joomla\templates\seattle\v14\beta3\libraries\src\Application\SiteApplication.php(194): Joomla\CMS\Component\ComponentHelper::renderComponent('com_content')
#11 E:\xampp728\htdocs\Joomla\templates\seattle\v14\beta3\libraries\src\Application\SiteApplication.php(233): Joomla\CMS\Application\SiteApplication->dispatch()
#12 E:\xampp728\htdocs\Joomla\templates\seattle\v14\beta3\libraries\src\Application\CMSApplication.php(196): Joomla\CMS\Application\SiteApplication->doExecute()
#13 E:\xampp728\htdocs\Joomla\templates\seattle\v14\beta3\index.php(49): Joomla\CMS\Application\CMSApplication->execute()
#14 {main}
2019-03-18T09:56:43+00:00	CRITICAL 10.0.0.23	error	Uncaught \Throwable of type JException thrown. Stack trace: #0 E:\xampp728\htdocs\Joomla\templates\seattle\v14\beta3\libraries\legacy\error\error.php(277): JError::raise(1, 404, 'Article not fou...', NULL, true)
#1 E:\xampp728\htdocs\Joomla\templates\seattle\v14\beta3\components\com_content\models\article.php(155): JError::raiseError(404, 'Article not fou...')
#2 E:\xampp728\htdocs\Joomla\templates\seattle\v14\beta3\libraries\src\MVC\View\HtmlView.php(425): ContentModelArticle->getItem()
#3 E:\xampp728\htdocs\Joomla\templates\seattle\v14\beta3\components\com_content\views\article\view.html.php(42): Joomla\CMS\MVC\View\HtmlView->get('Item')
#4 E:\xampp728\htdocs\Joomla\templates\seattle\v14\beta3\libraries\src\MVC\Controller\BaseController.php(672): ContentViewArticle->display()
#5 E:\xampp728\htdocs\Joomla\templates\seattle\v14\beta3\components\com_content\controller.php(118): Joomla\CMS\MVC\Controller\BaseController->display(true, Array)
#6 E:\xampp728\htdocs\Joomla\templates\seattle\v14\beta3\libraries\src\MVC\Controller\BaseController.php(710): ContentController->display()
#7 E:\xampp728\htdocs\Joomla\templates\seattle\v14\beta3\components\com_content\content.php(43): Joomla\CMS\MVC\Controller\BaseController->execute('')
#8 E:\xampp728\htdocs\Joomla\templates\seattle\v14\beta3\libraries\src\Component\ComponentHelper.php(402): require_once('E:\\xampp728\\htd...')
#9 E:\xampp728\htdocs\Joomla\templates\seattle\v14\beta3\libraries\src\Component\ComponentHelper.php(377): Joomla\CMS\Component\ComponentHelper::executeComponent('E:\\xampp728\\htd...')
#10 E:\xampp728\htdocs\Joomla\templates\seattle\v14\beta3\libraries\src\Application\SiteApplication.php(194): Joomla\CMS\Component\ComponentHelper::renderComponent('com_content')
#11 E:\xampp728\htdocs\Joomla\templates\seattle\v14\beta3\libraries\src\Application\SiteApplication.php(233): Joomla\CMS\Application\SiteApplication->dispatch()
#12 E:\xampp728\htdocs\Joomla\templates\seattle\v14\beta3\libraries\src\Application\CMSApplication.php(196): Joomla\CMS\Application\SiteApplication->doExecute()
#13 E:\xampp728\htdocs\Joomla\templates\seattle\v14\beta3\index.php(49): Joomla\CMS\Application\CMSApplication->execute()
#14 {main}
2019-03-18T10:51:55+00:00	CRITICAL 10.0.0.23	error	Uncaught \Throwable of type Joomla\CMS\Router\Exception\RouteNotFoundException thrown. Stack trace: #0 E:\xampp728\htdocs\Joomla\templates\seattle\v14\beta3\components\com_sellacious\router.php(1364): SellaciousRouter->parseCategoriesSegments(Array, Array)
#1 E:\xampp728\htdocs\Joomla\templates\seattle\v14\beta3\components\com_sellacious\router.php(409): SellaciousRouter->parseProductSegments(Array, Array)
#2 E:\xampp728\htdocs\Joomla\templates\seattle\v14\beta3\libraries\src\Router\SiteRouter.php(437): SellaciousRouter->parse(Array)
#3 E:\xampp728\htdocs\Joomla\templates\seattle\v14\beta3\libraries\src\Router\Router.php(482): Joomla\CMS\Router\SiteRouter->parseSefRoute(Object(Joomla\CMS\Uri\Uri))
#4 E:\xampp728\htdocs\Joomla\templates\seattle\v14\beta3\libraries\src\Router\Router.php(227): Joomla\CMS\Router\Router->_parseSefRoute(Object(Joomla\CMS\Uri\Uri))
#5 E:\xampp728\htdocs\Joomla\templates\seattle\v14\beta3\libraries\src\Router\SiteRouter.php(138): Joomla\CMS\Router\Router->parse(Object(Joomla\CMS\Uri\Uri))
#6 E:\xampp728\htdocs\Joomla\templates\seattle\v14\beta3\libraries\src\Application\CMSApplication.php(1074): Joomla\CMS\Router\SiteRouter->parse(Object(Joomla\CMS\Uri\Uri))
#7 E:\xampp728\htdocs\Joomla\templates\seattle\v14\beta3\libraries\src\Application\SiteApplication.php(796): Joomla\CMS\Application\CMSApplication->route()
#8 E:\xampp728\htdocs\Joomla\templates\seattle\v14\beta3\libraries\src\Application\SiteApplication.php(218): Joomla\CMS\Application\SiteApplication->route()
#9 E:\xampp728\htdocs\Joomla\templates\seattle\v14\beta3\libraries\src\Application\CMSApplication.php(196): Joomla\CMS\Application\SiteApplication->doExecute()
#10 E:\xampp728\htdocs\Joomla\templates\seattle\v14\beta3\index.php(49): Joomla\CMS\Application\CMSApplication->execute()
#11 {main}
2019-03-18T10:51:55+00:00	CRITICAL 10.0.0.23	error	Uncaught \Throwable of type Joomla\CMS\Router\Exception\RouteNotFoundException thrown. Stack trace: #0 E:\xampp728\htdocs\Joomla\templates\seattle\v14\beta3\components\com_sellacious\router.php(1364): SellaciousRouter->parseCategoriesSegments(Array, Array)
#1 E:\xampp728\htdocs\Joomla\templates\seattle\v14\beta3\components\com_sellacious\router.php(409): SellaciousRouter->parseProductSegments(Array, Array)
#2 E:\xampp728\htdocs\Joomla\templates\seattle\v14\beta3\libraries\src\Router\SiteRouter.php(437): SellaciousRouter->parse(Array)
#3 E:\xampp728\htdocs\Joomla\templates\seattle\v14\beta3\libraries\src\Router\Router.php(482): Joomla\CMS\Router\SiteRouter->parseSefRoute(Object(Joomla\CMS\Uri\Uri))
#4 E:\xampp728\htdocs\Joomla\templates\seattle\v14\beta3\libraries\src\Router\Router.php(227): Joomla\CMS\Router\Router->_parseSefRoute(Object(Joomla\CMS\Uri\Uri))
#5 E:\xampp728\htdocs\Joomla\templates\seattle\v14\beta3\libraries\src\Router\SiteRouter.php(138): Joomla\CMS\Router\Router->parse(Object(Joomla\CMS\Uri\Uri))
#6 E:\xampp728\htdocs\Joomla\templates\seattle\v14\beta3\libraries\src\Application\CMSApplication.php(1074): Joomla\CMS\Router\SiteRouter->parse(Object(Joomla\CMS\Uri\Uri))
#7 E:\xampp728\htdocs\Joomla\templates\seattle\v14\beta3\libraries\src\Application\SiteApplication.php(796): Joomla\CMS\Application\CMSApplication->route()
#8 E:\xampp728\htdocs\Joomla\templates\seattle\v14\beta3\libraries\src\Application\SiteApplication.php(218): Joomla\CMS\Application\SiteApplication->route()
#9 E:\xampp728\htdocs\Joomla\templates\seattle\v14\beta3\libraries\src\Application\CMSApplication.php(196): Joomla\CMS\Application\SiteApplication->doExecute()
#10 E:\xampp728\htdocs\Joomla\templates\seattle\v14\beta3\index.php(49): Joomla\CMS\Application\CMSApplication->execute()
#11 {main}
